19:32:29 **** Incremental Build of configuration Debug for project RFID_IIC_Test ****
make -j16 all 
arm-none-eabi-gcc -o "RFID_IIC_Test.elf" @"objects.list"   -mcpu=cortex-m0 -T"E:\XieChaoBang_Work\CubeIDE_Code\RFID_IIC_Test\STM32F072C8TX_FLASH.ld" --specs=nosys.specs -Wl,-Map="RFID_IIC_Test.map" -Wl,--gc-sections -static --specs=nano.specs -mfloat-abi=soft -mthumb -Wl,--start-group -lc -lm -Wl,--end-group
D:/ST/STM32CubeIDE_1.16.1/STM32CubeIDE/plugins/com.st.stm32cube.ide.mcu.externaltools.gnu-tools-for-stm32.12.3.rel1.win32_1.0.200.202406191623/tools/bin/../lib/gcc/arm-none-eabi/12.3.1/../../../../arm-none-eabi/bin/ld.exe: ./Core/Src/main.o:E:/XieChaoBang_Work/CubeIDE_Code/RFID_IIC_Test/Debug/../Core/Inc/aes.h:17: multiple definition of `RoundKey'; ./Core/Src/aes.o:E:/XieChaoBang_Work/CubeIDE_Code/RFID_IIC_Test/Debug/../Core/Inc/aes.h:17: first defined here
D:/ST/STM32CubeIDE_1.16.1/STM32CubeIDE/plugins/com.st.stm32cube.ide.mcu.externaltools.gnu-tools-for-stm32.12.3.rel1.win32_1.0.200.202406191623/tools/bin/../lib/gcc/arm-none-eabi/12.3.1/../../../../arm-none-eabi/bin/ld.exe: ./Core/Src/rfid.o:E:/XieChaoBang_Work/CubeIDE_Code/RFID_IIC_Test/Debug/../Core/Inc/aes.h:17: multiple definition of `RoundKey'; ./Core/Src/aes.o:E:/XieChaoBang_Work/CubeIDE_Code/RFID_IIC_Test/Debug/../Core/Inc/aes.h:17: first defined here
collect2.exe: error: ld returned 1 exit status
make: *** [makefile:64: RFID_IIC_Test.elf] Error 1
"make -j16 all" terminated with exit code 2. Build might be incomplete.

19:32:30 Build Failed. 3 errors, 0 warnings. (took 510ms)

